0 info it worked if it ends with ok
1 verbose cli [ '/Users/chinmay/.nvm/versions/io.js/v3.2.0/bin/iojs',
1 verbose cli   '/Users/chinmay/.nvm/versions/io.js/v3.2.0/bin/npm',
1 verbose cli   'run',
1 verbose cli   'test' ]
2 info using npm@2.13.3
3 info using node@v3.2.0
4 verbose run-script [ 'pretest', 'test', 'posttest' ]
5 info pretest midimessage@1.0.5
6 info test midimessage@1.0.5
7 verbose unsafe-perm in lifecycle true
8 info midimessage@1.0.5 Failed to exec test script
9 verbose stack Error: midimessage@1.0.5 test: `browserify demo.js -t babelify -o demobundle.js && http-server`
9 verbose stack Exit status 1
9 verbose stack     at EventEmitter.<anonymous> (/Users/chinmay/.nvm/versions/io.js/v3.2.0/lib/node_modules/npm/lib/utils/lifecycle.js:214:16)
9 verbose stack     at emitTwo (events.js:87:13)
9 verbose stack     at EventEmitter.emit (events.js:172:7)
9 verbose stack     at ChildProcess.<anonymous> (/Users/chinmay/.nvm/versions/io.js/v3.2.0/lib/node_modules/npm/lib/utils/spawn.js:24:14)
9 verbose stack     at emitTwo (events.js:87:13)
9 verbose stack     at ChildProcess.emit (events.js:172:7)
9 verbose stack     at maybeClose (internal/child_process.js:764:16)
9 verbose stack     at Process.ChildProcess._handle.onexit (internal/child_process.js:211:5)
10 verbose pkgid midimessage@1.0.5
11 verbose cwd /Users/chinmay/Documents/Personal/Projects/midimessage
12 error Darwin 14.5.0
13 error argv "/Users/chinmay/.nvm/versions/io.js/v3.2.0/bin/iojs" "/Users/chinmay/.nvm/versions/io.js/v3.2.0/bin/npm" "run" "test"
14 error node v3.2.0
15 error npm  v2.13.3
16 error code ELIFECYCLE
17 error midimessage@1.0.5 test: `browserify demo.js -t babelify -o demobundle.js && http-server`
17 error Exit status 1
18 error Failed at the midimessage@1.0.5 test script 'browserify demo.js -t babelify -o demobundle.js && http-server'.
18 error This is most likely a problem with the midimessage package,
18 error not with npm itself.
18 error Tell the author that this fails on your system:
18 error     browserify demo.js -t babelify -o demobundle.js && http-server
18 error You can get their info via:
18 error     npm owner ls midimessage
18 error There is likely additional logging output above.
19 verbose exit [ 1, true ]
